<?xml version="1.0" encoding="UTF-8"?>
<testsuite name="ru.netology.service.CashbackHackServiceTest" tests="4" skipped="0" failures="0" errors="0" timestamp="2026-03-28T15:36:12" hostname="DESKTOP-KOETKBU" time="0.0">
  <properties/>
  <testcase name="shouldReturnRemainFor0" classname="ru.netology.service.CashbackHackServiceTest" time="0.0"/>
  <testcase name="shouldReturnRemainFor1000" classname="ru.netology.service.CashbackHackServiceTest" time="0.0"/>
  <testcase name="shouldReturnRemainFor1501" classname="ru.netology.service.CashbackHackServiceTest" time="0.0"/>
  <testcase name="shouldReturnRemainFor900" classname="ru.netology.service.CashbackHackServiceTest" time="0.0"/>
  <system-out><![CDATA[]]></system-out>
  <system-err><![CDATA[]]></system-err>
</testsuite>
